0 info it worked if it ends with ok
1 verbose cli [ '/usr/bin/nodejs', '/usr/bin/npm', 'run', 'test' ]
2 info using npm@3.10.3
3 info using node@v6.5.0
4 verbose run-script [ 'pretest', 'test', 'posttest' ]
5 info lifecycle projects@~pretest: projects@
6 silly lifecycle projects@~pretest: no script for pretest, continuing
7 info lifecycle projects@~test: projects@
8 verbose lifecycle projects@~test: unsafe-perm in lifecycle true
9 verbose lifecycle projects@~test: PATH: /usr/lib/node_modules/npm/bin/node-gyp-bin:/home/vpodolian/projects/sp-sample/node_modules/.bin:/usr/bin:/home/vpodolian/bin:/home/vpodolian/.local/bin:/usr/local/sbin:/usr/local/bin:/usr/sbin:/usr/bin:/sbin:/bin:/usr/games:/usr/local/games:/snap/bin
10 verbose lifecycle projects@~test: CWD: /home/vpodolian/projects/sp-sample
11 silly lifecycle projects@~test: Args: [ '-c', 'npm run lint && karma start --single-run' ]
12 silly lifecycle projects@~test: Returned: code: 1  signal: null
13 info lifecycle projects@~test: Failed to exec test script
14 verbose stack Error: projects@ test: `npm run lint && karma start --single-run`
14 verbose stack Exit status 1
14 verbose stack     at EventEmitter.<anonymous> (/usr/lib/node_modules/npm/lib/utils/lifecycle.js:242:16)
14 verbose stack     at emitTwo (events.js:106:13)
14 verbose stack     at EventEmitter.emit (events.js:191:7)
14 verbose stack     at ChildProcess.<anonymous> (/usr/lib/node_modules/npm/lib/utils/spawn.js:40:14)
14 verbose stack     at emitTwo (events.js:106:13)
14 verbose stack     at ChildProcess.emit (events.js:191:7)
14 verbose stack     at maybeClose (internal/child_process.js:877:16)
14 verbose stack     at Process.ChildProcess._handle.onexit (internal/child_process.js:226:5)
15 verbose pkgid projects@
16 verbose cwd /home/vpodolian/projects/sp-sample
17 error Linux 4.4.0-36-generic
18 error argv "/usr/bin/nodejs" "/usr/bin/npm" "run" "test"
19 error node v6.5.0
20 error npm  v3.10.3
21 error code ELIFECYCLE
22 error projects@ test: `npm run lint && karma start --single-run`
22 error Exit status 1
23 error Failed at the projects@ test script 'npm run lint && karma start --single-run'.
23 error Make sure you have the latest version of node.js and npm installed.
23 error If you do, this is most likely a problem with the projects package,
23 error not with npm itself.
23 error Tell the author that this fails on your system:
23 error     npm run lint && karma start --single-run
23 error You can get information on how to open an issue for this project with:
23 error     npm bugs projects
23 error Or if that isn't available, you can get their info via:
23 error     npm owner ls projects
23 error There is likely additional logging output above.
24 verbose exit [ 1, true ]
